2024-05-21 14:37:21.943 [info] Log level: Info
2024-05-21 14:37:21.943 [info] Validating found git in: "git"
2024-05-21 14:37:21.943 [info] Using git "2.34.1" from "git"
2024-05-21 14:37:21.943 [info] > git rev-parse --show-toplevel [4ms]
2024-05-21 14:37:21.943 [info] fatal: not a git repository (or any of the parent directories): .git
2024-05-21 14:37:21.943 [info] > git rev-parse --show-toplevel [38ms]
2024-05-21 14:37:21.943 [info] fatal: not a git repository (or any of the parent directories): .git
2024-05-21 14:37:21.945 [info] > git rev-parse --show-toplevel [3ms]
2024-05-21 14:37:21.945 [info] fatal: not a git repository (or any of the parent directories): .git
2024-05-21 14:37:21.952 [info] > git rev-parse --show-toplevel [2ms]
2024-05-21 14:37:21.952 [info] fatal: not a git repository (or any of the parent directories): .git
2024-05-21 14:37:43.785 [info] > git init -b main [13ms]
2024-05-21 14:37:43.790 [info] > git rev-parse --show-toplevel [0ms]
2024-05-21 14:37:43.796 [info] > git rev-parse --git-dir --git-common-dir [1ms]
2024-05-21 14:37:43.806 [info] Open repository: /root
2024-05-21 14:37:43.819 [info] > git config --get commit.template [5ms]
2024-05-21 14:37:43.820 [info] No remotes found in the git config file.
2024-05-21 14:37:43.821 [info] > git for-each-ref --format=%(refname)%00%(upstream:short)%00%(objectname)%00%(upstream:track)%00%(upstream:remotename)%00%(upstream:remoteref) refs/heads/main refs/remotes/main [3ms]
2024-05-21 14:37:43.821 [warning] No such branch: main.
2024-05-21 14:37:43.856 [info] > git status -z -uall [30ms]
2024-05-21 14:37:43.896 [info] > git config --get commit.template [1ms]
2024-05-21 14:37:44.123 [info] No remotes found in the git config file.
2024-05-21 14:37:44.157 [info] > git for-each-ref --format=%(refname)%00%(upstream:short)%00%(objectname)%00%(upstream:track)%00%(upstream:remotename)%00%(upstream:remoteref) refs/heads/main refs/remotes/main [256ms]
2024-05-21 14:37:44.157 [warning] No such branch: main.
2024-05-21 14:37:44.171 [info] > git status -z -uall [10ms]
2024-05-21 14:37:44.946 [info] > git check-ignore -v -z --stdin [1ms]
2024-05-21 14:37:46.654 [info] > git config --get commit.template [1ms]
2024-05-21 14:37:46.660 [info] No remotes found in the git config file.
2024-05-21 14:37:46.660 [info] > git for-each-ref --format=%(refname)%00%(upstream:short)%00%(objectname)%00%(upstream:track)%00%(upstream:remotename)%00%(upstream:remoteref) refs/heads/main refs/remotes/main [1ms]
2024-05-21 14:37:46.661 [warning] No such branch: main.
2024-05-21 14:37:46.678 [info] > git status -z -uall [11ms]
2024-05-21 14:37:51.707 [info] > git config --get commit.template [1ms]
2024-05-21 14:37:51.712 [info] No remotes found in the git config file.
2024-05-21 14:37:51.713 [info] > git for-each-ref --format=%(refname)%00%(upstream:short)%00%(objectname)%00%(upstream:track)%00%(upstream:remotename)%00%(upstream:remoteref) refs/heads/main refs/remotes/main [1ms]
2024-05-21 14:37:51.713 [warning] No such branch: main.
2024-05-21 14:37:51.725 [info] > git status -z -uall [7ms]
2024-05-21 14:37:56.749 [info] > git config --get commit.template [1ms]
2024-05-21 14:37:56.754 [info] No remotes found in the git config file.
2024-05-21 14:37:56.755 [info] > git for-each-ref --format=%(refname)%00%(upstream:short)%00%(objectname)%00%(upstream:track)%00%(upstream:remotename)%00%(upstream:remoteref) refs/heads/main refs/remotes/main [1ms]
2024-05-21 14:37:56.755 [warning] No such branch: main.
2024-05-21 14:37:56.766 [info] > git status -z -uall [6ms]
2024-05-21 14:38:01.787 [info] > git config --get commit.template [1ms]
2024-05-21 14:38:01.792 [info] No remotes found in the git config file.
2024-05-21 14:38:01.793 [info] > git for-each-ref --format=%(refname)%00%(upstream:short)%00%(objectname)%00%(upstream:track)%00%(upstream:remotename)%00%(upstream:remoteref) refs/heads/main refs/remotes/main [1ms]
2024-05-21 14:38:01.793 [warning] No such branch: main.
2024-05-21 14:38:01.803 [info] > git status -z -uall [6ms]
